#
# There is insufficient memory for the Java Runtime Environment to continue.
# Native memory allocation (malloc) failed to allocate 1048576 bytes for AllocateHeap
# Possible reasons:
#   The system is out of physical RAM or swap space
#   In 32 bit mode, the process size limit was hit
# Possible solutions:
#   Reduce memory load on the system
#   Increase physical memory or swap space
#   Check if swap backing store is full
#   Use 64 bit Java on a 64 bit OS
#   Decrease Java heap size (-Xmx/-Xms)
#   Decrease number of Java threads
#   Decrease Java thread stack sizes (-Xss)
#   Set larger code cache with -XX:ReservedCodeCacheSize=
# This output file may be truncated or incomplete.
#
#  Out of Memory Error (memory/allocation.inline.hpp:61), pid=13696, tid=11012
#
# JRE version:  (8.0_65-b17) (build )
# Java VM: Java HotSpot(TM) 64-Bit Server VM (25.65-b01 mixed mode windows-amd64 compressed oops)
# Failed to write core dump. Minidumps are not enabled by default on client versions of Windows
#

---------------  T H R E A D  ---------------

Current thread (0x0000000002140800):  JavaThread "Unknown thread" [_thread_in_vm, id=11012, stack(0x0000000002020000,0x0000000002120000)]

Stack: [0x0000000002020000,0x0000000002120000]
[error occurred during error reporting (printing stack bounds), id 0xc0000005]

Native frames: (J=compiled Java code, j=interpreted, Vv=VM code, C=native code)


---------------  P R O C E S S  ---------------

Java Threads: ( => current thread )

Other Threads:

=>0x0000000002140800 (exited) JavaThread "Unknown thread" [_thread_in_vm, id=11012, stack(0x0000000002020000,0x0000000002120000)]

VM state:not at safepoint (normal execution)

VM Mutex/Monitor currently owned by a thread: None

Heap:
 PSYoungGen      total 57344K, used 983K [0x00000000eab00000, 0x00000000eeb00000, 0x0000000100000000)
  eden space 49152K, 2% used [0x00000000eab00000,0x00000000eabf5c38,0x00000000edb00000)
  from space 8192K, 0% used [0x00000000ee300000,0x00000000ee300000,0x00000000eeb00000)
  to   space 8192K, 0% used [0x00000000edb00000,0x00000000edb00000,0x00000000ee300000)
 ParOldGen       total 131072K, used 0K [0x00000000c0000000, 0x00000000c8000000, 0x00000000eab00000)
  object space 131072K, 0% used [0x00000000c0000000,0x00000000c0000000,0x00000000c8000000)
 Metaspace       used 767K, capacity 4480K, committed 4480K, reserved 1056768K
  class space    used 75K, capacity 384K, committed 384K, reserved 1048576K

Card table byte_map: [0x0000000011640000,0x0000000011850000] byte_map_base: 0x0000000011040000

Marking Bits: (ParMarkBitMap*) 0x000000006568a5b0
 Begin Bits: [0x00000000121b0000, 0x00000000131b0000)
 End Bits:   [0x00000000131b0000, 0x00000000141b0000)

Polling page: 0x0000000000430000

CodeCache: size=245760Kb used=328Kb max_used=328Kb free=245431Kb
 bounds [0x0000000002280000, 0x00000000024f0000, 0x0000000011280000]
 total_blobs=57 nmethods=0 adapters=37
 compilation: enabled

Compilation events (0 events):
No events

GC Heap History (0 events):
No events

Deoptimization events (0 events):
No events

Internal exceptions (0 events):
No events

Events (10 events):
Event: 0.369 loading class java/lang/Short
Event: 0.370 loading class java/lang/Short done
Event: 0.370 loading class java/lang/Integer
Event: 0.370 loading class java/lang/Integer done
Event: 0.370 loading class java/lang/Long
Event: 0.370 loading class java/lang/Long done
Event: 0.371 loading class java/lang/NullPointerException
Event: 0.371 loading class java/lang/NullPointerException done
Event: 0.371 loading class java/lang/ArithmeticException
Event: 0.371 loading class java/lang/ArithmeticException done


Dynamic libraries:
0x00007ff76c190000 - 0x00007ff76c1c7000 	C:\Program Files\Java\jdk1.8.0_65\bin\java.exe
0x00007ff919910000 - 0x00007ff919ad1000 	C:\WINDOWS\SYSTEM32\ntdll.dll
0x00007ff919280000 - 0x00007ff91932d000 	C:\WINDOWS\system32\KERNEL32.DLL
0x00007ff916450000 - 0x00007ff916638000 	C:\WINDOWS\system32\KERNELBASE.dll
0x00007ff919330000 - 0x00007ff9193d7000 	C:\WINDOWS\system32\ADVAPI32.dll
0x00007ff919870000 - 0x00007ff91990d000 	C:\WINDOWS\system32\msvcrt.dll
0x00007ff917460000 - 0x00007ff9174bb000 	C:\WINDOWS\system32\sechost.dll
0x00007ff917a00000 - 0x00007ff917b1c000 	C:\WINDOWS\system32\RPCRT4.dll
0x00007ff9174c0000 - 0x00007ff917616000 	C:\WINDOWS\system32\USER32.dll
0x00007ff916d10000 - 0x00007ff916e96000 	C:\WINDOWS\system32\GDI32.dll
0x00007ff90e540000 - 0x00007ff90e7b4000 	C:\WINDOWS\WinSxS\amd64_microsoft.windows.common-controls_6595b64144ccf1df_6.0.10586.0_none_8c15ae12515e1c22\COMCTL32.dll
0x00007ff917620000 - 0x00007ff91789d000 	C:\WINDOWS\system32\combase.dll
0x00007ff9163e0000 - 0x00007ff91644a000 	C:\WINDOWS\system32\bcryptPrimitives.dll
0x00007ff919240000 - 0x00007ff91927b000 	C:\WINDOWS\system32\IMM32.DLL
0x0000000064a00000 - 0x0000000064ad2000 	C:\Program Files\Java\jdk1.8.0_65\jre\bin\msvcr100.dll
0x0000000064e80000 - 0x0000000065709000 	C:\Program Files\Java\jdk1.8.0_65\jre\bin\server\jvm.dll
0x00007ff917150000 - 0x00007ff917158000 	C:\WINDOWS\system32\PSAPI.DLL
0x00007ff905f40000 - 0x00007ff905f49000 	C:\WINDOWS\SYSTEM32\WSOCK32.dll
0x00007ff9173c0000 - 0x00007ff91742b000 	C:\WINDOWS\system32\WS2_32.dll
0x00007ff914520000 - 0x00007ff914543000 	C:\WINDOWS\SYSTEM32\WINMM.dll
0x00007ff9100a0000 - 0x00007ff9100aa000 	C:\WINDOWS\SYSTEM32\VERSION.dll
0x00007ff914300000 - 0x00007ff91432c000 	C:\WINDOWS\SYSTEM32\WINMMBASE.dll
0x00007ff916390000 - 0x00007ff9163d3000 	C:\WINDOWS\system32\cfgmgr32.dll
0x0000000064e70000 - 0x0000000064e7f000 	C:\Program Files\Java\jdk1.8.0_65\jre\bin\verify.dll
0x0000000064e40000 - 0x0000000064e69000 	C:\Program Files\Java\jdk1.8.0_65\jre\bin\java.dll
0x0000000064e20000 - 0x0000000064e36000 	C:\Program Files\Java\jdk1.8.0_65\jre\bin\zip.dll

VM Arguments:
jvm_args: -Xmx1024M -Dfile.encoding=windows-1252 -Duser.country=CO -Duser.language=es -Duser.variant 
java_command: com.android.dx.command.Main --dex --num-threads=4 --output C:\Users\alber\Desktop\EjemploApp\app\build\intermediates\pre-dexed\debug\classes-defb3a40a56707e0d58df8465b0d84d51e6e7402.jar C:\Users\alber\Desktop\EjemploApp\app\build\intermediates\exploded-aar\com.facebook.android\facebook-android-sdk\4.9.0\jars\classes.jar
java_class_path (initial): C:\Users\alber\AppData\Local\Android\sdk\build-tools\23.0.2\lib\dx.jar
Launcher Type: SUN_STANDARD

Environment Variables:
PATH=C:\ProgramData\Oracle\Java\javapath;C:\Windows\system32;C:\Windows;C:\Windows\System32\Wbem;C:\Windows\System32\WindowsPowerShell\v1.0\;C:\Program Files (x86)\NVIDIA Corporation\PhysX\Common;C:\WINDOWS\system32\config\systemprofile\.dnx\bin;C:\Program Files\Microsoft DNX\Dnvm\;C:\Program Files\Microsoft SQL Server\120\Tools\Binn\;C:\Program Files (x86)\Windows Kits\10\Windows Performance Toolkit\;C:\Program Files (x86)\nodejs\;C:\WINDOWS\system32;C:\WINDOWS;C:\WINDOWS\System32\Wbem;C:\WINDOWS\System32\WindowsPowerShell\v1.0\;C:\xampp\php;C:\ProgramData\ComposerSetup\bin;C:\Program Files\Git\cmd;C:\Program Files (x86)\QuickTime\QTSystem\;C:\Program Files (x86)\Skype\Phone\;C:\Users\alber\AppData\Roaming\npm;C:\Users\alber\AppData\Local\atom\bin
USERNAME=alber
OS=Windows_NT
PROCESSOR_IDENTIFIER=Intel64 Family 6 Model 58 Stepping 9, GenuineIntel



---------------  S Y S T E M  ---------------

OS: Windows 10.0 , 64 bit Build 10586 (10.0.10586.0)

CPU:total 8 (4 cores per cpu, 2 threads per core) family 6 model 58 stepping 9, cmov, cx8, fxsr, mmx, sse, sse2, sse3, ssse3, sse4.1, sse4.2, popcnt, avx, aes, clmul, erms, ht, tsc, tscinvbit, tscinv

Memory: 4k page, physical 12469532k(2933616k free), swap 12469532k(7052k free)

vm_info: Java HotSpot(TM) 64-Bit Server VM (25.65-b01) for windows-amd64 JRE (1.8.0_65-b17), built on Oct  6 2015 16:39:20 by "java_re" with MS VC++ 10.0 (VS2010)

time: Sat Feb 13 00:55:01 2016
elapsed time: 0 seconds (0d 0h 0m 0s)

