#
# There is insufficient memory for the Java Runtime Environment to continue.
# Native memory allocation (malloc) failed to allocate 49536 bytes for Chunk::new
# Possible reasons:
#   The system is out of physical RAM or swap space
#   In 32 bit mode, the process size limit was hit
# Possible solutions:
#   Reduce memory load on the system
#   Increase physical memory or swap space
#   Check if swap backing store is full
#   Use 64 bit Java on a 64 bit OS
#   Decrease Java heap size (-Xmx/-Xms)
#   Decrease number of Java threads
#   Decrease Java thread stack sizes (-Xss)
#   Set larger code cache with -XX:ReservedCodeCacheSize=
# This output file may be truncated or incomplete.
#
#  Out of Memory Error (allocation.cpp:390), pid=10816, tid=10900
#
# JRE version: Java(TM) SE Runtime Environment (8.0_65-b17) (build 1.8.0_65-b17)
# Java VM: Java HotSpot(TM) 64-Bit Server VM (25.65-b01 mixed mode windows-amd64 compressed oops)
# Failed to write core dump. Minidumps are not enabled by default on client versions of Windows
#

---------------  T H R E A D  ---------------

Current thread (0x0000000016f6f000):  JavaThread "C2 CompilerThread2" daemon [_thread_in_native, id=10900, stack(0x0000000017740000,0x0000000017840000)]

Stack: [0x0000000017740000,0x0000000017840000]
[error occurred during error reporting (printing stack bounds), id 0xc0000005]

Native frames: (J=compiled Java code, j=interpreted, Vv=VM code, C=native code)


Current CompileTask:
C2:    998  904   !   4       com.android.dx.rop.code.RegisterSpecSet::put (104 bytes)


---------------  P R O C E S S  ---------------

Java Threads: ( => current thread )
  0x000000001733b800 JavaThread "pool-1-thread-4" [_thread_blocked, id=17372, stack(0x0000000018740000,0x0000000018840000)]
  0x000000001733b000 JavaThread "pool-1-thread-3" [_thread_blocked, id=9912, stack(0x0000000018640000,0x0000000018740000)]
  0x0000000017332000 JavaThread "pool-1-thread-2" [_thread_blocked, id=13672, stack(0x0000000018540000,0x0000000018640000)]
  0x00000000172e0000 JavaThread "pool-2-thread-1" [_thread_blocked, id=23396, stack(0x0000000018440000,0x0000000018540000)]
  0x000000001726d800 JavaThread "pool-1-thread-1" [_thread_blocked, id=12440, stack(0x0000000018340000,0x0000000018440000)]
  0x0000000016fcd000 JavaThread "Service Thread" daemon [_thread_blocked, id=16544, stack(0x0000000017940000,0x0000000017a40000)]
  0x0000000016f74000 JavaThread "C1 CompilerThread3" daemon [_thread_in_native, id=9668, stack(0x0000000017840000,0x0000000017940000)]
=>0x0000000016f6f000 JavaThread "C2 CompilerThread2" daemon [_thread_in_native, id=10900, stack(0x0000000017740000,0x0000000017840000)]
  0x0000000016f6a000 JavaThread "C2 CompilerThread1" daemon [_thread_blocked, id=14592, stack(0x0000000017640000,0x0000000017740000)]
  0x0000000016f67000 JavaThread "C2 CompilerThread0" daemon [_thread_blocked, id=10736, stack(0x0000000017540000,0x0000000017640000)]
  0x0000000016f65000 JavaThread "Attach Listener" daemon [_thread_blocked, id=11832, stack(0x0000000017440000,0x0000000017540000)]
  0x0000000016f64000 JavaThread "Signal Dispatcher" daemon [_thread_blocked, id=18196, stack(0x0000000017340000,0x0000000017440000)]
  0x0000000002339800 JavaThread "Finalizer" daemon [_thread_blocked, id=8580, stack(0x0000000016d40000,0x0000000016e40000)]
  0x0000000002333000 JavaThread "Reference Handler" daemon [_thread_blocked, id=19716, stack(0x0000000016c40000,0x0000000016d40000)]
  0x0000000002240800 JavaThread "main" [_thread_blocked, id=14096, stack(0x0000000002050000,0x0000000002150000)]

Other Threads:
  0x0000000014e59000 VMThread [stack: 0x0000000016b40000,0x0000000016c40000] [id=15780]
  0x0000000016ffc000 WatcherThread [stack: 0x0000000017a40000,0x0000000017b40000] [id=33108]

VM state:not at safepoint (normal execution)

VM Mutex/Monitor currently owned by a thread: None

Heap:
 PSYoungGen      total 57344K, used 25820K [0x00000000eab00000, 0x00000000eeb00000, 0x0000000100000000)
  eden space 49152K, 52% used [0x00000000eab00000,0x00000000ec437178,0x00000000edb00000)
  from space 8192K, 0% used [0x00000000ee300000,0x00000000ee300000,0x00000000eeb00000)
  to   space 8192K, 0% used [0x00000000edb00000,0x00000000edb00000,0x00000000ee300000)
 ParOldGen       total 131072K, used 0K [0x00000000c0000000, 0x00000000c8000000, 0x00000000eab00000)
  object space 131072K, 0% used [0x00000000c0000000,0x00000000c0000000,0x00000000c8000000)
 Metaspace       used 5758K, capacity 6704K, committed 6784K, reserved 1056768K
  class space    used 593K, capacity 616K, committed 640K, reserved 1048576K

Card table byte_map: [0x0000000011700000,0x0000000011910000] byte_map_base: 0x0000000011100000

Marking Bits: (ParMarkBitMap*) 0x00000000654ca5b0
 Begin Bits: [0x0000000012270000, 0x0000000013270000)
 End Bits:   [0x0000000013270000, 0x0000000014270000)

Polling page: 0x0000000000570000

CodeCache: size=245760Kb used=3633Kb max_used=3633Kb free=242126Kb
 bounds [0x0000000002340000, 0x00000000026d0000, 0x0000000011340000]
 total_blobs=1169 nmethods=900 adapters=182
 compilation: enabled

Compilation events (10 events):
Event: 0.995 Thread 0x0000000016f6a000 nmethod 903 0x00000000026cb950 code [0x00000000026cbaa0, 0x00000000026cbb78]
Event: 0.996 Thread 0x0000000016f6f000  904   !   4       com.android.dx.rop.code.RegisterSpecSet::put (104 bytes)
Event: 0.996 Thread 0x0000000016f74000 nmethod 898 0x00000000026ca150 code [0x00000000026ca380, 0x00000000026cb0b8]
Event: 0.996 Thread 0x0000000016f74000  899       3       com.android.dx.rop.code.RegisterSpec::<init> (8 bytes)
Event: 0.996 Thread 0x0000000016f74000 nmethod 899 0x00000000026c9d90 code [0x00000000026c9f00, 0x00000000026ca088]
Event: 0.996 Thread 0x0000000016f74000  901       3       com.android.dx.dex.code.RopTranslator$TranslationVisitor::addOutput (9 bytes)
Event: 0.996 Thread 0x0000000016f74000 nmethod 901 0x00000000026c9650 code [0x00000000026c97e0, 0x00000000026c9b98]
Event: 0.996 Thread 0x0000000016f74000  896       3       com.android.dx.rop.type.StdTypeList::<init> (6 bytes)
Event: 0.997 Thread 0x0000000016f74000 nmethod 896 0x00000000026c92d0 code [0x00000000026c9440, 0x00000000026c95c8]
Event: 0.997 Thread 0x0000000016f74000  891   !   3       com.android.dx.cf.code.ExecutionStack::push (102 bytes)

GC Heap History (0 events):
No events

Deoptimization events (0 events):
No events

Internal exceptions (2 events):
Event: 0.045 Thread 0x0000000002240800 Exception <a 'java/lang/NoSuchMethodError': Method sun.misc.Unsafe.defineClass(Ljava/lang/String;[BII)Ljava/lang/Class; name or signature does not match> (0x00000000eab0d5f8) thrown at [C:\workspace\8-2-build-windows-amd64-cygwin\jdk8u65\4987\hotspot\src\sgÏw]mú¦?
Event: 0.045 Thread 0x0000000002240800 Exception <a 'java/lang/NoSuchMethodError': Method sun.misc.Unsafe.prefetchRead(Ljava/lang/Object;J)V name or signature does not match> (0x00000000eab0d8e0) thrown at [C:\workspace\8-2-build-windows-amd64-cygwin\jdk8u65\4987\hotspot\src\share\vm\prims\jni.

Events (10 events):
Event: 0.862 loading class com/android/dx/cf/code/BytecodeArray$ConstantParserVisitor
Event: 0.862 loading class com/android/dx/cf/code/BytecodeArray$ConstantParserVisitor done
Event: 0.877 Executing VM operation: ForceSafepoint
Event: 0.893 Executing VM operation: ForceSafepoint done
Event: 0.894 loading class java/util/ArrayList$1
Event: 0.894 loading class java/util/ArrayList$1 done
Event: 0.903 loading class com/android/dx/cf/attrib/AttLocalVariableTypeTable
Event: 0.903 loading class com/android/dx/cf/attrib/AttLocalVariableTypeTable done
Event: 0.923 loading class com/android/dx/dex/file/MethodAnnotationStruct
Event: 0.923 loading class com/android/dx/dex/file/MethodAnnotationStruct done


Dynamic libraries:
0x00007ff72b460000 - 0x00007ff72b497000 	C:\Program Files\Java\jdk1.8.0_65\bin\java.exe
0x00007ff919910000 - 0x00007ff919ad1000 	C:\WINDOWS\SYSTEM32\ntdll.dll
0x00007ff919280000 - 0x00007ff91932d000 	C:\WINDOWS\system32\KERNEL32.DLL
0x00007ff916450000 - 0x00007ff916638000 	C:\WINDOWS\system32\KERNELBASE.dll
0x00007ff919330000 - 0x00007ff9193d7000 	C:\WINDOWS\system32\ADVAPI32.dll
0x00007ff919870000 - 0x00007ff91990d000 	C:\WINDOWS\system32\msvcrt.dll
0x00007ff917460000 - 0x00007ff9174bb000 	C:\WINDOWS\system32\sechost.dll
0x00007ff917a00000 - 0x00007ff917b1c000 	C:\WINDOWS\system32\RPCRT4.dll
0x00007ff9174c0000 - 0x00007ff917616000 	C:\WINDOWS\system32\USER32.dll
0x00007ff916d10000 - 0x00007ff916e96000 	C:\WINDOWS\system32\GDI32.dll
0x00007ff90e540000 - 0x00007ff90e7b4000 	C:\WINDOWS\WinSxS\amd64_microsoft.windows.common-controls_6595b64144ccf1df_6.0.10586.0_none_8c15ae12515e1c22\COMCTL32.dll
0x00007ff917620000 - 0x00007ff91789d000 	C:\WINDOWS\system32\combase.dll
0x00007ff9163e0000 - 0x00007ff91644a000 	C:\WINDOWS\system32\bcryptPrimitives.dll
0x00007ff919240000 - 0x00007ff91927b000 	C:\WINDOWS\system32\IMM32.DLL
0x0000000064840000 - 0x0000000064912000 	C:\Program Files\Java\jdk1.8.0_65\jre\bin\msvcr100.dll
0x0000000064cc0000 - 0x0000000065549000 	C:\Program Files\Java\jdk1.8.0_65\jre\bin\server\jvm.dll
0x00007ff917150000 - 0x00007ff917158000 	C:\WINDOWS\system32\PSAPI.DLL
0x00007ff905f40000 - 0x00007ff905f49000 	C:\WINDOWS\SYSTEM32\WSOCK32.dll
0x00007ff914520000 - 0x00007ff914543000 	C:\WINDOWS\SYSTEM32\WINMM.dll
0x00007ff9173c0000 - 0x00007ff91742b000 	C:\WINDOWS\system32\WS2_32.dll
0x00007ff9100a0000 - 0x00007ff9100aa000 	C:\WINDOWS\SYSTEM32\VERSION.dll
0x00007ff914300000 - 0x00007ff91432c000 	C:\WINDOWS\SYSTEM32\WINMMBASE.dll
0x00007ff916390000 - 0x00007ff9163d3000 	C:\WINDOWS\system32\cfgmgr32.dll
0x0000000064cb0000 - 0x0000000064cbf000 	C:\Program Files\Java\jdk1.8.0_65\jre\bin\verify.dll
0x0000000064c80000 - 0x0000000064ca9000 	C:\Program Files\Java\jdk1.8.0_65\jre\bin\java.dll
0x0000000064c60000 - 0x0000000064c76000 	C:\Program Files\Java\jdk1.8.0_65\jre\bin\zip.dll
0x00007ff917b20000 - 0x00007ff91907c000 	C:\WINDOWS\system32\SHELL32.dll
0x00007ff916660000 - 0x00007ff916ca5000 	C:\WINDOWS\system32\windows.storage.dll
0x00007ff917160000 - 0x00007ff9171b2000 	C:\WINDOWS\system32\shlwapi.dll
0x00007ff915f60000 - 0x00007ff915f6f000 	C:\WINDOWS\system32\kernel.appcore.dll
0x00007ff916100000 - 0x00007ff9161b5000 	C:\WINDOWS\system32\shcore.dll
0x00007ff915f70000 - 0x00007ff915fbb000 	C:\WINDOWS\system32\powrprof.dll
0x00007ff915f40000 - 0x00007ff915f54000 	C:\WINDOWS\system32\profapi.dll

VM Arguments:
jvm_args: -Xmx1024M -Dfile.encoding=windows-1252 -Duser.country=CO -Duser.language=es -Duser.variant 
java_command: com.android.dx.command.Main --dex --num-threads=4 --output C:\Users\alber\Desktop\EjemploApp\app\build\intermediates\pre-dexed\debug\internal_impl-23.1.0-b62362c5c5693b7054c4b48b5edcd746aa3bd674.jar C:\Users\alber\Desktop\EjemploApp\app\build\intermediates\exploded-aar\com.android.support\support-v4\23.1.0\jars\libs\internal_impl-23.1.0.jar
java_class_path (initial): C:\Users\alber\AppData\Local\Android\sdk\build-tools\23.0.2\lib\dx.jar
Launcher Type: SUN_STANDARD

Environment Variables:
PATH=C:\ProgramData\Oracle\Java\javapath;C:\Windows\system32;C:\Windows;C:\Windows\System32\Wbem;C:\Windows\System32\WindowsPowerShell\v1.0\;C:\Program Files (x86)\NVIDIA Corporation\PhysX\Common;C:\WINDOWS\system32\config\systemprofile\.dnx\bin;C:\Program Files\Microsoft DNX\Dnvm\;C:\Program Files\Microsoft SQL Server\120\Tools\Binn\;C:\Program Files (x86)\Windows Kits\10\Windows Performance Toolkit\;C:\Program Files (x86)\nodejs\;C:\WINDOWS\system32;C:\WINDOWS;C:\WINDOWS\System32\Wbem;C:\WINDOWS\System32\WindowsPowerShell\v1.0\;C:\xampp\php;C:\ProgramData\ComposerSetup\bin;C:\Program Files\Git\cmd;C:\Program Files (x86)\QuickTime\QTSystem\;C:\Program Files (x86)\Skype\Phone\;C:\Users\alber\AppData\Roaming\npm;C:\Users\alber\AppData\Local\atom\bin
USERNAME=alber
OS=Windows_NT
PROCESSOR_IDENTIFIER=Intel64 Family 6 Model 58 Stepping 9, GenuineIntel



---------------  S Y S T E M  ---------------

OS: Windows 10.0 , 64 bit Build 10586 (10.0.10586.0)

CPU:total 8 (4 cores per cpu, 2 threads per core) family 6 model 58 stepping 9, cmov, cx8, fxsr, mmx, sse, sse2, sse3, ssse3, sse4.1, sse4.2, popcnt, avx, aes, clmul, erms, ht, tsc, tscinvbit, tscinv

Memory: 4k page, physical 12469532k(3299968k free), swap 12469532k(5128k free)

vm_info: Java HotSpot(TM) 64-Bit Server VM (25.65-b01) for windows-amd64 JRE (1.8.0_65-b17), built on Oct  6 2015 16:39:20 by "java_re" with MS VC++ 10.0 (VS2010)

time: Mon Feb 15 23:50:33 2016
elapsed time: 1 seconds (0d 0h 0m 1s)

