#
# There is insufficient memory for the Java Runtime Environment to continue.
# Native memory allocation (malloc) failed to allocate 208720 bytes for Chunk::new
# Possible reasons:
#   The system is out of physical RAM or swap space
#   In 32 bit mode, the process size limit was hit
# Possible solutions:
#   Reduce memory load on the system
#   Increase physical memory or swap space
#   Check if swap backing store is full
#   Use 64 bit Java on a 64 bit OS
#   Decrease Java heap size (-Xmx/-Xms)
#   Decrease number of Java threads
#   Decrease Java thread stack sizes (-Xss)
#   Set larger code cache with -XX:ReservedCodeCacheSize=
# This output file may be truncated or incomplete.
#
#  Out of Memory Error (allocation.cpp:390), pid=10664, tid=20284
#
# JRE version: Java(TM) SE Runtime Environment (8.0_65-b17) (build 1.8.0_65-b17)
# Java VM: Java HotSpot(TM) 64-Bit Server VM (25.65-b01 mixed mode windows-amd64 compressed oops)
# Failed to write core dump. Minidumps are not enabled by default on client versions of Windows
#

---------------  T H R E A D  ---------------

Current thread (0x0000000016fcf800):  JavaThread "C2 CompilerThread2" daemon [_thread_in_native, id=20284, stack(0x00000000177a0000,0x00000000178a0000)]

Stack: [0x00000000177a0000,0x00000000178a0000]
[error occurred during error reporting (printing stack bounds), id 0xc0000005]

Native frames: (J=compiled Java code, j=interpreted, Vv=VM code, C=native code)


Current CompileTask:
C2:   9519 1838       4       com.android.dx.ssa.SCCP::simulatePhiBlock (50 bytes)


---------------  P R O C E S S  ---------------

Java Threads: ( => current thread )
  0x000000001729d800 JavaThread "pool-1-thread-4" [_thread_blocked, id=12388, stack(0x00000000187a0000,0x00000000188a0000)]
  0x0000000017299800 JavaThread "pool-1-thread-3" [_thread_blocked, id=21516, stack(0x00000000186a0000,0x00000000187a0000)]
  0x0000000017298800 JavaThread "pool-1-thread-2" [_thread_blocked, id=16332, stack(0x00000000185a0000,0x00000000186a0000)]
  0x0000000017bb8000 JavaThread "pool-2-thread-1" [_thread_blocked, id=812, stack(0x00000000184a0000,0x00000000185a0000)]
  0x0000000017bad800 JavaThread "pool-1-thread-1" [_thread_blocked, id=28628, stack(0x00000000183a0000,0x00000000184a0000)]
  0x000000001702c800 JavaThread "Service Thread" daemon [_thread_blocked, id=8892, stack(0x00000000179a0000,0x0000000017aa0000)]
  0x0000000016fd5000 JavaThread "C1 CompilerThread3" daemon [_thread_blocked, id=9532, stack(0x00000000178a0000,0x00000000179a0000)]
=>0x0000000016fcf800 JavaThread "C2 CompilerThread2" daemon [_thread_in_native, id=20284, stack(0x00000000177a0000,0x00000000178a0000)]
  0x0000000016fca800 JavaThread "C2 CompilerThread1" daemon [_thread_in_native, id=10684, stack(0x00000000176a0000,0x00000000177a0000)]
  0x0000000016fc8000 JavaThread "C2 CompilerThread0" daemon [_thread_in_native, id=11088, stack(0x00000000175a0000,0x00000000176a0000)]
  0x0000000016fc5800 JavaThread "Attach Listener" daemon [_thread_blocked, id=8160, stack(0x00000000174a0000,0x00000000175a0000)]
  0x0000000016fc4000 JavaThread "Signal Dispatcher" daemon [_thread_blocked, id=30000, stack(0x00000000173a0000,0x00000000174a0000)]
  0x00000000023b4000 JavaThread "Finalizer" daemon [_thread_blocked, id=13644, stack(0x0000000016da0000,0x0000000016ea0000)]
  0x0000000014edd800 JavaThread "Reference Handler" daemon [_thread_blocked, id=9000, stack(0x0000000016ca0000,0x0000000016da0000)]
  0x00000000022c0800 JavaThread "main" [_thread_blocked, id=10540, stack(0x0000000002150000,0x0000000002250000)]

Other Threads:
  0x0000000014ed9000 VMThread [stack: 0x0000000016ba0000,0x0000000016ca0000] [id=2932]
  0x0000000017044800 WatcherThread [stack: 0x0000000017aa0000,0x0000000017ba0000] [id=10696]

VM state:not at safepoint (normal execution)

VM Mutex/Monitor currently owned by a thread: None

Heap:
 PSYoungGen      total 106496K, used 34969K [0x00000000eab00000, 0x00000000f1b00000, 0x0000000100000000)
  eden space 98304K, 27% used [0x00000000eab00000,0x00000000ec52e300,0x00000000f0b00000)
  from space 8192K, 99% used [0x00000000f1300000,0x00000000f1af8340,0x00000000f1b00000)
  to   space 8192K, 0% used [0x00000000f0b00000,0x00000000f0b00000,0x00000000f1300000)
 ParOldGen       total 131072K, used 6607K [0x00000000c0000000, 0x00000000c8000000, 0x00000000eab00000)
  object space 131072K, 5% used [0x00000000c0000000,0x00000000c0673e08,0x00000000c8000000)
 Metaspace       used 6263K, capacity 7152K, committed 7296K, reserved 1056768K
  class space    used 602K, capacity 616K, committed 640K, reserved 1048576K

Card table byte_map: [0x0000000011780000,0x0000000011990000] byte_map_base: 0x0000000011180000

Marking Bits: (ParMarkBitMap*) 0x00000000654ca5b0
 Begin Bits: [0x00000000122f0000, 0x00000000132f0000)
 End Bits:   [0x00000000132f0000, 0x00000000142f0000)

Polling page: 0x0000000000470000

CodeCache: size=245760Kb used=8255Kb max_used=8256Kb free=237504Kb
 bounds [0x00000000023c0000, 0x0000000002be0000, 0x00000000113c0000]
 total_blobs=2090 nmethods=1820 adapters=182
 compilation: enabled

Compilation events (10 events):
Event: 9.472 Thread 0x0000000016fd5000 1850       3       java.util.ArrayDeque::pollFirst (42 bytes)
Event: 9.473 Thread 0x0000000016fd5000 nmethod 1850 0x0000000002bae210 code [0x0000000002bae380, 0x0000000002bae6b0]
Event: 9.473 Thread 0x0000000016fd5000 1851       3       java.util.zip.InflaterInputStream::<init> (79 bytes)
Event: 9.473 Thread 0x0000000016fd5000 nmethod 1851 0x0000000002bad6d0 code [0x0000000002bad880, 0x0000000002badf58]
Event: 9.473 Thread 0x0000000016fd5000 1852       3       java.util.ArrayDeque::add (7 bytes)
Event: 9.473 Thread 0x0000000016fd5000 nmethod 1852 0x0000000002bad310 code [0x0000000002bad480, 0x0000000002bad628]
Event: 9.473 Thread 0x0000000016fd5000 1853       3       java.util.ArrayDeque::addLast (53 bytes)
Event: 9.473 Thread 0x0000000016fd5000 nmethod 1853 0x0000000002bc1b10 code [0x0000000002bc1ca0, 0x0000000002bc20b8]
Event: 9.476 Thread 0x0000000016fd5000 1855   !   3       java.util.zip.Inflater::reset (69 bytes)
Event: 9.476 Thread 0x0000000016fd5000 nmethod 1855 0x0000000002bc1350 code [0x0000000002bc14e0, 0x0000000002bc1938]

GC Heap History (4 events):
Event: 4.812 GC heap before
{Heap before GC invocations=1 (full 0):
 PSYoungGen      total 57344K, used 49152K [0x00000000eab00000, 0x00000000eeb00000, 0x0000000100000000)
  eden space 49152K, 100% used [0x00000000eab00000,0x00000000edb00000,0x00000000edb00000)
  from space 8192K, 0% used [0x00000000ee300000,0x00000000ee300000,0x00000000eeb00000)
  to   space 8192K, 0% used [0x00000000edb00000,0x00000000edb00000,0x00000000ee300000)
 ParOldGen       total 131072K, used 0K [0x00000000c0000000, 0x00000000c8000000, 0x00000000eab00000)
  object space 131072K, 0% used [0x00000000c0000000,0x00000000c0000000,0x00000000c8000000)
 Metaspace       used 6089K, capacity 7024K, committed 7296K, reserved 1056768K
  class space    used 602K, capacity 616K, committed 640K, reserved 1048576K
Event: 5.768 GC heap after
Heap after GC invocations=1 (full 0):
 PSYoungGen      total 57344K, used 8175K [0x00000000eab00000, 0x00000000f1b00000, 0x0000000100000000)
  eden space 49152K, 0% used [0x00000000eab00000,0x00000000eab00000,0x00000000edb00000)
  from space 8192K, 99% used [0x00000000edb00000,0x00000000ee2fbc38,0x00000000ee300000)
  to   space 8192K, 0% used [0x00000000f1300000,0x00000000f1300000,0x00000000f1b00000)
 ParOldGen       total 131072K, used 484K [0x00000000c0000000, 0x00000000c8000000, 0x00000000eab00000)
  object space 131072K, 0% used [0x00000000c0000000,0x00000000c00790f0,0x00000000c8000000)
 Metaspace       used 6089K, capacity 7024K, committed 7296K, reserved 1056768K
  class space    used 602K, capacity 616K, committed 640K, reserved 1048576K
}
Event: 7.477 GC heap before
{Heap before GC invocations=2 (full 0):
 PSYoungGen      total 57344K, used 57327K [0x00000000eab00000, 0x00000000f1b00000, 0x0000000100000000)
  eden space 49152K, 100% used [0x00000000eab00000,0x00000000edb00000,0x00000000edb00000)
  from space 8192K, 99% used [0x00000000edb00000,0x00000000ee2fbc38,0x00000000ee300000)
  to   space 8192K, 0% used [0x00000000f1300000,0x00000000f1300000,0x00000000f1b00000)
 ParOldGen       total 131072K, used 484K [0x00000000c0000000, 0x00000000c8000000, 0x00000000eab00000)
  object space 131072K, 0% used [0x00000000c0000000,0x00000000c00790f0,0x00000000c8000000)
 Metaspace       used 6242K, capacity 7088K, committed 7296K, reserved 1056768K
  class space    used 602K, capacity 616K, committed 640K, reserved 1048576K
Event: 8.007 GC heap after
Heap after GC invocations=2 (full 0):
 PSYoungGen      total 106496K, used 8160K [0x00000000eab00000, 0x00000000f1b00000, 0x0000000100000000)
  eden space 98304K, 0% used [0x00000000eab00000,0x00000000eab00000,0x00000000f0b00000)
  from space 8192K, 99% used [0x00000000f1300000,0x00000000f1af8340,0x00000000f1b00000)
  to   space 8192K, 0% used [0x00000000f0b00000,0x00000000f0b00000,0x00000000f1300000)
 ParOldGen       total 131072K, used 6607K [0x00000000c0000000, 0x00000000c8000000, 0x00000000eab00000)
  object space 131072K, 5% used [0x00000000c0000000,0x00000000c0673e08,0x00000000c8000000)
 Metaspace       used 6242K, capacity 7088K, committed 7296K, reserved 1056768K
  class space    used 602K, capacity 616K, committed 640K, reserved 1048576K
}

Deoptimization events (10 events):
Event: 6.100 Thread 0x000000001729d800 Uncommon trap: reason=class_check action=maybe_recompile pc=0x0000000002a03c28 method=com.android.dx.cf.code.RopperMachine.run(Lcom/android/dx/cf/code/Frame;II)V @ 310
Event: 6.158 Thread 0x00000000022c0800 Uncommon trap: reason=unloaded action=reinterpret pc=0x00000000029451d4 method=com.android.dx.cf.cst.ConstantPoolParser.parse0(ILjava/util/BitSet;)Lcom/android/dx/rop/cst/Constant; @ 198
Event: 6.226 Thread 0x0000000017299800 Uncommon trap: reason=null_check action=make_not_entrant pc=0x0000000002827668 method=com.android.dx.ssa.SsaRenamer.getLocalForNewReg(I)Lcom/android/dx/rop/code/LocalItem; @ 19
Event: 6.277 Thread 0x0000000017bad800 Uncommon trap: reason=unstable_if action=reinterpret pc=0x00000000028d37c8 method=com.android.dx.ssa.SCCP.simulateStmt(Lcom/android/dx/ssa/SsaInsn;)V @ 59
Event: 6.409 Thread 0x0000000017bad800 Uncommon trap: reason=unstable_if action=reinterpret pc=0x0000000002ad251c method=com.android.dx.cf.code.RopperMachine.run(Lcom/android/dx/cf/code/Frame;II)V @ 1250
Event: 8.023 Thread 0x0000000017bad800 Uncommon trap: reason=unstable_if action=reinterpret pc=0x00000000029eb4b4 method=java.util.HashMap.putVal(ILjava/lang/Object;Ljava/lang/Object;ZZ)Ljava/lang/Object; @ 94
Event: 8.568 Thread 0x0000000017299800 Uncommon trap: reason=bimorphic action=maybe_recompile pc=0x0000000002b3c3f0 method=com.android.dx.cf.code.BytecodeArray.parseInstruction(ILcom/android/dx/cf/code/BytecodeArray$Visitor;)I @ 2484
Event: 8.568 Thread 0x0000000017299800 Uncommon trap: reason=bimorphic action=maybe_recompile pc=0x0000000002b3c3f0 method=com.android.dx.cf.code.BytecodeArray.parseInstruction(ILcom/android/dx/cf/code/BytecodeArray$Visitor;)I @ 2484
Event: 9.441 Thread 0x0000000017bad800 Uncommon trap: reason=bimorphic action=maybe_recompile pc=0x0000000002b389e8 method=com.android.dx.cf.code.BytecodeArray.parseInstruction(ILcom/android/dx/cf/code/BytecodeArray$Visitor;)I @ 1501
Event: 9.441 Thread 0x0000000017bad800 Uncommon trap: reason=bimorphic action=maybe_recompile pc=0x0000000002b389e8 method=com.android.dx.cf.code.BytecodeArray.parseInstruction(ILcom/android/dx/cf/code/BytecodeArray$Visitor;)I @ 1501

Internal exceptions (4 events):
Event: 0.112 Thread 0x00000000022c0800 Exception <a 'java/lang/NoSuchMethodError': Method sun.misc.Unsafe.defineClass(Ljava/lang/String;[BII)Ljava/lang/Class; name or signature does not match> (0x00000000eab0d410) thrown at [C:\workspace\8-2-build-windows-amd64-cygwin\jdk8u65\4987\hotspot\src\sKì?¥©º?
Event: 0.112 Thread 0x00000000022c0800 Exception <a 'java/lang/NoSuchMethodError': Method sun.misc.Unsafe.prefetchRead(Ljava/lang/Object;J)V name or signature does not match> (0x00000000eab0d6f8) thrown at [C:\workspace\8-2-build-windows-amd64-cygwin\jdk8u65\4987\hotspot\src\share\vm\prims\jni.ÿœùfL @
Event: 4.032 Thread 0x0000000017bad800 Implicit null exception at 0x00000000027c4662 to 0x00000000027c4752
Event: 6.226 Thread 0x0000000017299800 Implicit null exception at 0x00000000028257d4 to 0x0000000002827631

Events (10 events):
Event: 8.568 Thread 0x0000000017299800 DEOPT UNPACKING pc=0x000000000240582a sp=0x000000001879e6f8 mode 2
Event: 8.568 Thread 0x0000000017299800 Uncommon trap: trap_request=0xffffffc6 fr.pc=0x0000000002b3c3f0
Event: 8.568 Thread 0x0000000017299800 DEOPT PACKING pc=0x0000000002b3c3f0 sp=0x000000001879e5a0
Event: 8.568 Thread 0x0000000017299800 DEOPT UNPACKING pc=0x000000000240582a sp=0x000000001879e548 mode 2
Event: 9.441 Thread 0x0000000017bad800 Uncommon trap: trap_request=0xffffffc6 fr.pc=0x0000000002b389e8
Event: 9.441 Thread 0x0000000017bad800 DEOPT PACKING pc=0x0000000002b389e8 sp=0x000000001849e930
Event: 9.441 Thread 0x0000000017bad800 DEOPT UNPACKING pc=0x000000000240582a sp=0x000000001849e8d0 mode 2
Event: 9.441 Thread 0x0000000017bad800 Uncommon trap: trap_request=0xffffffc6 fr.pc=0x0000000002b389e8
Event: 9.441 Thread 0x0000000017bad800 DEOPT PACKING pc=0x0000000002b389e8 sp=0x000000001849e780
Event: 9.441 Thread 0x0000000017bad800 DEOPT UNPACKING pc=0x000000000240582a sp=0x000000001849e720 mode 2


Dynamic libraries:
0x00007ff72b460000 - 0x00007ff72b497000 	C:\Program Files\Java\jdk1.8.0_65\bin\java.exe
0x00007ff919910000 - 0x00007ff919ad1000 	C:\WINDOWS\SYSTEM32\ntdll.dll
0x00007ff919280000 - 0x00007ff91932d000 	C:\WINDOWS\system32\KERNEL32.DLL
0x00007ff916450000 - 0x00007ff916638000 	C:\WINDOWS\system32\KERNELBASE.dll
0x00007ff919330000 - 0x00007ff9193d7000 	C:\WINDOWS\system32\ADVAPI32.dll
0x00007ff919870000 - 0x00007ff91990d000 	C:\WINDOWS\system32\msvcrt.dll
0x00007ff917460000 - 0x00007ff9174bb000 	C:\WINDOWS\system32\sechost.dll
0x00007ff917a00000 - 0x00007ff917b1c000 	C:\WINDOWS\system32\RPCRT4.dll
0x00007ff9174c0000 - 0x00007ff917616000 	C:\WINDOWS\system32\USER32.dll
0x00007ff916d10000 - 0x00007ff916e96000 	C:\WINDOWS\system32\GDI32.dll
0x00007ff90e540000 - 0x00007ff90e7b4000 	C:\WINDOWS\WinSxS\amd64_microsoft.windows.common-controls_6595b64144ccf1df_6.0.10586.0_none_8c15ae12515e1c22\COMCTL32.dll
0x00007ff917620000 - 0x00007ff91789d000 	C:\WINDOWS\system32\combase.dll
0x00007ff9163e0000 - 0x00007ff91644a000 	C:\WINDOWS\system32\bcryptPrimitives.dll
0x00007ff919240000 - 0x00007ff91927b000 	C:\WINDOWS\system32\IMM32.DLL
0x0000000064840000 - 0x0000000064912000 	C:\Program Files\Java\jdk1.8.0_65\jre\bin\msvcr100.dll
0x0000000064cc0000 - 0x0000000065549000 	C:\Program Files\Java\jdk1.8.0_65\jre\bin\server\jvm.dll
0x00007ff917150000 - 0x00007ff917158000 	C:\WINDOWS\system32\PSAPI.DLL
0x00007ff905f40000 - 0x00007ff905f49000 	C:\WINDOWS\SYSTEM32\WSOCK32.dll
0x00007ff9173c0000 - 0x00007ff91742b000 	C:\WINDOWS\system32\WS2_32.dll
0x00007ff914520000 - 0x00007ff914543000 	C:\WINDOWS\SYSTEM32\WINMM.dll
0x00007ff9100a0000 - 0x00007ff9100aa000 	C:\WINDOWS\SYSTEM32\VERSION.dll
0x00007ff914300000 - 0x00007ff91432c000 	C:\WINDOWS\SYSTEM32\WINMMBASE.dll
0x00007ff916390000 - 0x00007ff9163d3000 	C:\WINDOWS\system32\cfgmgr32.dll
0x0000000064cb0000 - 0x0000000064cbf000 	C:\Program Files\Java\jdk1.8.0_65\jre\bin\verify.dll
0x0000000064c80000 - 0x0000000064ca9000 	C:\Program Files\Java\jdk1.8.0_65\jre\bin\java.dll
0x0000000064c60000 - 0x0000000064c76000 	C:\Program Files\Java\jdk1.8.0_65\jre\bin\zip.dll
0x00007ff917b20000 - 0x00007ff91907c000 	C:\WINDOWS\system32\SHELL32.dll
0x00007ff916660000 - 0x00007ff916ca5000 	C:\WINDOWS\system32\windows.storage.dll
0x00007ff917160000 - 0x00007ff9171b2000 	C:\WINDOWS\system32\shlwapi.dll
0x00007ff915f60000 - 0x00007ff915f6f000 	C:\WINDOWS\system32\kernel.appcore.dll
0x00007ff916100000 - 0x00007ff9161b5000 	C:\WINDOWS\system32\shcore.dll
0x00007ff915f70000 - 0x00007ff915fbb000 	C:\WINDOWS\system32\powrprof.dll
0x00007ff915f40000 - 0x00007ff915f54000 	C:\WINDOWS\system32\profapi.dll

VM Arguments:
jvm_args: -Xmx1024M -Dfile.encoding=windows-1252 -Duser.country=CO -Duser.language=es -Duser.variant 
java_command: com.android.dx.command.Main --dex --num-threads=4 --output C:\Users\alber\Desktop\EjemploApp\app\build\intermediates\pre-dexed\debug\classes-47a2edc5e96b18c7dd9be4d392082704241685a9.jar C:\Users\alber\Desktop\EjemploApp\app\build\intermediates\exploded-aar\com.android.support\design\23.1.0\jars\classes.jar
java_class_path (initial): C:\Users\alber\AppData\Local\Android\sdk\build-tools\23.0.2\lib\dx.jar
Launcher Type: SUN_STANDARD

Environment Variables:
PATH=C:\ProgramData\Oracle\Java\javapath;C:\Windows\system32;C:\Windows;C:\Windows\System32\Wbem;C:\Windows\System32\WindowsPowerShell\v1.0\;C:\Program Files (x86)\NVIDIA Corporation\PhysX\Common;C:\WINDOWS\system32\config\systemprofile\.dnx\bin;C:\Program Files\Microsoft DNX\Dnvm\;C:\Program Files\Microsoft SQL Server\120\Tools\Binn\;C:\Program Files (x86)\Windows Kits\10\Windows Performance Toolkit\;C:\Program Files (x86)\nodejs\;C:\WINDOWS\system32;C:\WINDOWS;C:\WINDOWS\System32\Wbem;C:\WINDOWS\System32\WindowsPowerShell\v1.0\;C:\xampp\php;C:\ProgramData\ComposerSetup\bin;C:\Program Files\Git\cmd;C:\Program Files (x86)\QuickTime\QTSystem\;C:\Program Files (x86)\Skype\Phone\;C:\Users\alber\AppData\Roaming\npm;C:\Users\alber\AppData\Local\atom\bin
USERNAME=alber
OS=Windows_NT
PROCESSOR_IDENTIFIER=Intel64 Family 6 Model 58 Stepping 9, GenuineIntel



---------------  S Y S T E M  ---------------

OS: Windows 10.0 , 64 bit Build 10586 (10.0.10586.0)

CPU:total 8 (4 cores per cpu, 2 threads per core) family 6 model 58 stepping 9, cmov, cx8, fxsr, mmx, sse, sse2, sse3, ssse3, sse4.1, sse4.2, popcnt, avx, aes, clmul, erms, ht, tsc, tscinvbit, tscinv

Memory: 4k page, physical 12469532k(3034544k free), swap 12469532k(4680k free)

vm_info: Java HotSpot(TM) 64-Bit Server VM (25.65-b01) for windows-amd64 JRE (1.8.0_65-b17), built on Oct  6 2015 16:39:20 by "java_re" with MS VC++ 10.0 (VS2010)

time: Mon Feb 15 23:49:05 2016
elapsed time: 9 seconds (0d 0h 0m 9s)

