#
# There is insufficient memory for the Java Runtime Environment to continue.
# Native memory allocation (malloc) failed to allocate 648496 bytes for Chunk::new
# Possible reasons:
#   The system is out of physical RAM or swap space
#   In 32 bit mode, the process size limit was hit
# Possible solutions:
#   Reduce memory load on the system
#   Increase physical memory or swap space
#   Check if swap backing store is full
#   Use 64 bit Java on a 64 bit OS
#   Decrease Java heap size (-Xmx/-Xms)
#   Decrease number of Java threads
#   Decrease Java thread stack sizes (-Xss)
#   Set larger code cache with -XX:ReservedCodeCacheSize=
# This output file may be truncated or incomplete.
#
#  Out of Memory Error (allocation.cpp:390), pid=10752, tid=13652
#
# JRE version: Java(TM) SE Runtime Environment (8.0_65-b17) (build 1.8.0_65-b17)
# Java VM: Java HotSpot(TM) 64-Bit Server VM (25.65-b01 mixed mode windows-amd64 compressed oops)
# Failed to write core dump. Minidumps are not enabled by default on client versions of Windows
#

---------------  T H R E A D  ---------------

Current thread (0x000000001703a000):  JavaThread "C2 CompilerThread2" daemon [_thread_in_native, id=13652, stack(0x00000000177b0000,0x00000000178b0000)]

Stack: [0x00000000177b0000,0x00000000178b0000]
[error occurred during error reporting (printing stack bounds), id 0xc0000005]

Native frames: (J=compiled Java code, j=interpreted, Vv=VM code, C=native code)


Current CompileTask:
C2:  12379 1953       4       com.android.dx.ssa.SsaConverter::edgeSplitMoveExceptionsAndResults (157 bytes)


---------------  P R O C E S S  ---------------

Java Threads: ( => current thread )
  0x000000001728d000 JavaThread "pool-1-thread-4" [_thread_blocked, id=10596, stack(0x00000000187b0000,0x00000000188b0000)]
  0x000000001728a800 JavaThread "pool-1-thread-3" [_thread_blocked, id=3520, stack(0x00000000186b0000,0x00000000187b0000)]
  0x000000001731a000 JavaThread "pool-1-thread-2" [_thread_blocked, id=12416, stack(0x00000000185b0000,0x00000000186b0000)]
  0x0000000017317000 JavaThread "pool-2-thread-1" [_thread_blocked, id=1576, stack(0x00000000184b0000,0x00000000185b0000)]
  0x0000000017316800 JavaThread "pool-1-thread-1" [_thread_in_Java, id=12856, stack(0x00000000183b0000,0x00000000184b0000)]
  0x0000000017045000 JavaThread "Service Thread" daemon [_thread_blocked, id=14284, stack(0x00000000179b0000,0x0000000017ab0000)]
  0x000000001703c800 JavaThread "C1 CompilerThread3" daemon [_thread_blocked, id=9060, stack(0x00000000178b0000,0x00000000179b0000)]
=>0x000000001703a000 JavaThread "C2 CompilerThread2" daemon [_thread_in_native, id=13652, stack(0x00000000177b0000,0x00000000178b0000)]
  0x0000000017035000 JavaThread "C2 CompilerThread1" daemon [_thread_in_native, id=10776, stack(0x00000000176b0000,0x00000000177b0000)]
  0x0000000016fd8000 JavaThread "C2 CompilerThread0" daemon [_thread_in_native, id=12900, stack(0x00000000175b0000,0x00000000176b0000)]
  0x0000000016fd5800 JavaThread "Attach Listener" daemon [_thread_blocked, id=10636, stack(0x00000000174b0000,0x00000000175b0000)]
  0x0000000016fd5000 JavaThread "Signal Dispatcher" daemon [_thread_blocked, id=6292, stack(0x00000000173b0000,0x00000000174b0000)]
  0x00000000023a4000 JavaThread "Finalizer" daemon [_thread_blocked, id=13444, stack(0x0000000016db0000,0x0000000016eb0000)]
  0x0000000014ecd800 JavaThread "Reference Handler" daemon [_thread_blocked, id=13368, stack(0x0000000016cb0000,0x0000000016db0000)]
  0x00000000022b0800 JavaThread "main" [_thread_blocked, id=13148, stack(0x00000000021b0000,0x00000000022b0000)]

Other Threads:
  0x0000000014ec9000 VMThread [stack: 0x0000000016bb0000,0x0000000016cb0000] [id=14064]
  0x0000000017057800 WatcherThread [stack: 0x0000000017ab0000,0x0000000017bb0000] [id=10404]

VM state:not at safepoint (normal execution)

VM Mutex/Monitor currently owned by a thread: None

Heap:
 PSYoungGen      total 106496K, used 81049K [0x00000000eab00000, 0x00000000f1b00000, 0x0000000100000000)
  eden space 98304K, 74% used [0x00000000eab00000,0x00000000ef22d978,0x00000000f0b00000)
  from space 8192K, 99% used [0x00000000f1300000,0x00000000f1af8e60,0x00000000f1b00000)
  to   space 8192K, 0% used [0x00000000f0b00000,0x00000000f0b00000,0x00000000f1300000)
 ParOldGen       total 131072K, used 5597K [0x00000000c0000000, 0x00000000c8000000, 0x00000000eab00000)
  object space 131072K, 4% used [0x00000000c0000000,0x00000000c0577578,0x00000000c8000000)
 Metaspace       used 6399K, capacity 7192K, committed 7424K, reserved 1056768K
  class space    used 624K, capacity 656K, committed 768K, reserved 1048576K

Card table byte_map: [0x0000000011770000,0x0000000011980000] byte_map_base: 0x0000000011170000

Marking Bits: (ParMarkBitMap*) 0x000000006568a5b0
 Begin Bits: [0x00000000122e0000, 0x00000000132e0000)
 End Bits:   [0x00000000132e0000, 0x00000000142e0000)

Polling page: 0x0000000000770000

CodeCache: size=245760Kb used=9736Kb max_used=9737Kb free=236024Kb
 bounds [0x00000000023b0000, 0x0000000002d40000, 0x00000000113b0000]
 total_blobs=2219 nmethods=1949 adapters=182
 compilation: enabled

Compilation events (10 events):
Event: 12.225 Thread 0x000000001703c800 1963       3       sun.util.calendar.CalendarDate::setHours (20 bytes)
Event: 12.226 Thread 0x000000001703c800 nmethod 1963 0x0000000002d2f590 code [0x0000000002d2f6e0, 0x0000000002d2f870]
Event: 12.228 Thread 0x000000001703c800 1964       3       com.android.dx.dex.code.RopTranslator::pickOrder (400 bytes)
Event: 12.231 Thread 0x000000001703c800 nmethod 1964 0x0000000002d34b50 code [0x0000000002d34e80, 0x0000000002d36f98]
Event: 12.231 Thread 0x000000001703a000 nmethod 1956 0x0000000002d3a1d0 code [0x0000000002d3a360, 0x0000000002d3ab78]
Event: 12.231 Thread 0x000000001703a000 1953       4       com.android.dx.ssa.SsaConverter::edgeSplitMoveExceptionsAndResults (157 bytes)
Event: 12.247 Thread 0x000000001703c800 1967       3       java.util.HashMap::getNode (148 bytes)
Event: 12.248 Thread 0x000000001703c800 nmethod 1967 0x0000000002d2e290 code [0x0000000002d2e480, 0x0000000002d2f0e8]
Event: 12.248 Thread 0x000000001703c800 1968       3       java.util.HashMap::putVal (300 bytes)
Event: 12.250 Thread 0x000000001703c800 nmethod 1968 0x0000000002d385d0 code [0x0000000002d38840, 0x0000000002d39af8]

GC Heap History (4 events):
Event: 4.810 GC heap before
{Heap before GC invocations=1 (full 0):
 PSYoungGen      total 57344K, used 49152K [0x00000000eab00000, 0x00000000eeb00000, 0x0000000100000000)
  eden space 49152K, 100% used [0x00000000eab00000,0x00000000edb00000,0x00000000edb00000)
  from space 8192K, 0% used [0x00000000ee300000,0x00000000ee300000,0x00000000eeb00000)
  to   space 8192K, 0% used [0x00000000edb00000,0x00000000edb00000,0x00000000ee300000)
 ParOldGen       total 131072K, used 0K [0x00000000c0000000, 0x00000000c8000000, 0x00000000eab00000)
  object space 131072K, 0% used [0x00000000c0000000,0x00000000c0000000,0x00000000c8000000)
 Metaspace       used 6076K, capacity 6960K, committed 7040K, reserved 1056768K
  class space    used 602K, capacity 616K, committed 640K, reserved 1048576K
Event: 5.101 GC heap after
Heap after GC invocations=1 (full 0):
 PSYoungGen      total 57344K, used 8112K [0x00000000eab00000, 0x00000000f1b00000, 0x0000000100000000)
  eden space 49152K, 0% used [0x00000000eab00000,0x00000000eab00000,0x00000000edb00000)
  from space 8192K, 99% used [0x00000000edb00000,0x00000000ee2ec270,0x00000000ee300000)
  to   space 8192K, 0% used [0x00000000f1300000,0x00000000f1300000,0x00000000f1b00000)
 ParOldGen       total 131072K, used 8K [0x00000000c0000000, 0x00000000c8000000, 0x00000000eab00000)
  object space 131072K, 0% used [0x00000000c0000000,0x00000000c0002000,0x00000000c8000000)
 Metaspace       used 6076K, capacity 6960K, committed 7040K, reserved 1056768K
  class space    used 602K, capacity 616K, committed 640K, reserved 1048576K
}
Event: 8.905 GC heap before
{Heap before GC invocations=2 (full 0):
 PSYoungGen      total 57344K, used 57264K [0x00000000eab00000, 0x00000000f1b00000, 0x0000000100000000)
  eden space 49152K, 100% used [0x00000000eab00000,0x00000000edb00000,0x00000000edb00000)
  from space 8192K, 99% used [0x00000000edb00000,0x00000000ee2ec270,0x00000000ee300000)
  to   space 8192K, 0% used [0x00000000f1300000,0x00000000f1300000,0x00000000f1b00000)
 ParOldGen       total 131072K, used 8K [0x00000000c0000000, 0x00000000c8000000, 0x00000000eab00000)
  object space 131072K, 0% used [0x00000000c0000000,0x00000000c0002000,0x00000000c8000000)
 Metaspace       used 6259K, capacity 7088K, committed 7296K, reserved 1056768K
  class space    used 603K, capacity 616K, committed 640K, reserved 1048576K
Event: 9.386 GC heap after
Heap after GC invocations=2 (full 0):
 PSYoungGen      total 106496K, used 8163K [0x00000000eab00000, 0x00000000f1b00000, 0x0000000100000000)
  eden space 98304K, 0% used [0x00000000eab00000,0x00000000eab00000,0x00000000f0b00000)
  from space 8192K, 99% used [0x00000000f1300000,0x00000000f1af8e60,0x00000000f1b00000)
  to   space 8192K, 0% used [0x00000000f0b00000,0x00000000f0b00000,0x00000000f1300000)
 ParOldGen       total 131072K, used 5597K [0x00000000c0000000, 0x00000000c8000000, 0x00000000eab00000)
  object space 131072K, 4% used [0x00000000c0000000,0x00000000c0577578,0x00000000c8000000)
 Metaspace       used 6259K, capacity 7088K, committed 7296K, reserved 1056768K
  class space    used 603K, capacity 616K, committed 640K, reserved 1048576K
}

Deoptimization events (10 events):
Event: 12.177 Thread 0x000000001728d000 Uncommon trap: reason=class_check action=maybe_recompile pc=0x000000000299db58 method=com.android.dx.rop.code.RegisterSpec.withSimpleType()Lcom/android/dx/rop/code/RegisterSpec; @ 21
Event: 12.180 Thread 0x000000001728d000 Uncommon trap: reason=bimorphic action=maybe_recompile pc=0x0000000002c6fe40 method=com.android.dx.ssa.LiteralOpUpgrader.tryReplacingWithConstant(Lcom/android/dx/ssa/NormalSsaInsn;)Z @ 62
Event: 12.180 Thread 0x000000001728d000 Uncommon trap: reason=unstable_if action=reinterpret pc=0x0000000002c93500 method=com.android.dx.ssa.LiteralOpUpgrader$1.visitNonMoveInsn(Lcom/android/dx/ssa/NormalSsaInsn;)V @ 24
Event: 12.182 Thread 0x000000001728d000 Uncommon trap: reason=unstable_if action=reinterpret pc=0x0000000002773748 method=java.util.HashMap.putVal(ILjava/lang/Object;Ljava/lang/Object;ZZ)Ljava/lang/Object; @ 162
Event: 12.198 Thread 0x0000000017316800 Uncommon trap: reason=unstable_if action=reinterpret pc=0x0000000002c45f04 method=com.android.dx.rop.code.BasicBlockList.preferredSuccessorOf(Lcom/android/dx/rop/code/BasicBlock;)Lcom/android/dx/rop/code/BasicBlock; @ 58
Event: 12.198 Thread 0x0000000017316800 Uncommon trap: reason=unstable_if action=reinterpret pc=0x00000000029657b4 method=com.android.dx.rop.code.BasicBlockList.preferredSuccessorOf(Lcom/android/dx/rop/code/BasicBlock;)Lcom/android/dx/rop/code/BasicBlock; @ 58
Event: 12.205 Thread 0x000000001728d000 Uncommon trap: reason=class_check action=maybe_recompile pc=0x0000000002c40eb4 method=com.android.dx.ssa.SCCP.replaceConstants()V @ 182
Event: 12.211 Thread 0x000000001728d000 Uncommon trap: reason=class_check action=maybe_recompile pc=0x0000000002c40eb4 method=com.android.dx.ssa.SCCP.replaceConstants()V @ 182
Event: 12.247 Thread 0x000000001728a800 Uncommon trap: reason=unstable_if action=reinterpret pc=0x00000000026a9718 method=java.util.HashMap.getNode(ILjava/lang/Object;)Ljava/util/HashMap$Node; @ 84
Event: 12.247 Thread 0x000000001728a800 Uncommon trap: reason=unstable_if action=reinterpret pc=0x000000000285d56c method=java.util.HashMap.putVal(ILjava/lang/Object;Ljava/lang/Object;ZZ)Ljava/lang/Object; @ 109

Internal exceptions (5 events):
Event: 0.105 Thread 0x00000000022b0800 Exception <a 'java/lang/NoSuchMethodError': Method sun.misc.Unsafe.defineClass(Ljava/lang/String;[BII)Ljava/lang/Class; name or signature does not match> (0x00000000eab0d5c0) thrown at [C:\workspace\8-2-build-windows-amd64-cygwin\jdk8u65\4987\hotspot\src\sãpþòº?
Event: 0.105 Thread 0x00000000022b0800 Exception <a 'java/lang/NoSuchMethodError': Method sun.misc.Unsafe.prefetchRead(Ljava/lang/Object;J)V name or signature does not match> (0x00000000eab0d8a8) thrown at [C:\workspace\8-2-build-windows-amd64-cygwin\jdk8u65\4987\hotspot\src\share\vm\prims\jni.Ñ
Event: 12.184 Thread 0x000000001728d000 Exception <a 'java/lang/ArrayIndexOutOfBoundsException': 18> (0x00000000ee7e99c8) thrown at [C:\workspace\8-2-build-windows-amd64-cygwin\jdk8u65\4987\hotspot\src\share\vm\interpreter\interpreterRuntime.cpp, line 366]
Event: 12.184 Thread 0x000000001728d000 Exception <a 'java/lang/ArrayIndexOutOfBoundsException': 145> (0x00000000ee7eb548) thrown at [C:\workspace\8-2-build-windows-amd64-cygwin\jdk8u65\4987\hotspot\src\share\vm\interpreter\interpreterRuntime.cpp, line 366]
Event: 12.185 Thread 0x000000001728d000 Exception <a 'java/lang/ArrayIndexOutOfBoundsException'> (0x00000000ee7ec830) thrown at [C:\workspace\8-2-build-windows-amd64-cygwin\jdk8u65\4987\hotspot\src\share\vm\runtime\sharedRuntime.cpp, line 605]

Events (10 events):
Event: 12.205 Thread 0x000000001728d000 DEOPT UNPACKING pc=0x00000000023f582a sp=0x00000000188ae988 mode 2
Event: 12.211 Thread 0x000000001728d000 Uncommon trap: trap_request=0xffffffde fr.pc=0x0000000002c40eb4
Event: 12.211 Thread 0x000000001728d000 DEOPT PACKING pc=0x0000000002c40eb4 sp=0x00000000188ae9d0
Event: 12.211 Thread 0x000000001728d000 DEOPT UNPACKING pc=0x00000000023f582a sp=0x00000000188ae8d8 mode 2
Event: 12.247 Thread 0x000000001728a800 Uncommon trap: trap_request=0xffffff65 fr.pc=0x00000000026a9718
Event: 12.247 Thread 0x000000001728a800 DEOPT PACKING pc=0x00000000026a9718 sp=0x00000000187ae950
Event: 12.247 Thread 0x000000001728a800 DEOPT UNPACKING pc=0x00000000023f582a sp=0x00000000187ae8c8 mode 2
Event: 12.247 Thread 0x000000001728a800 Uncommon trap: trap_request=0xffffff65 fr.pc=0x000000000285d56c
Event: 12.247 Thread 0x000000001728a800 DEOPT PACKING pc=0x000000000285d56c sp=0x00000000187ae910
Event: 12.247 Thread 0x000000001728a800 DEOPT UNPACKING pc=0x00000000023f582a sp=0x00000000187ae8a0 mode 2


Dynamic libraries:
0x00007ff76c190000 - 0x00007ff76c1c7000 	C:\Program Files\Java\jdk1.8.0_65\bin\java.exe
0x00007ff919910000 - 0x00007ff919ad1000 	C:\WINDOWS\SYSTEM32\ntdll.dll
0x00007ff919280000 - 0x00007ff91932d000 	C:\WINDOWS\system32\KERNEL32.DLL
0x00007ff916450000 - 0x00007ff916638000 	C:\WINDOWS\system32\KERNELBASE.dll
0x00007ff919330000 - 0x00007ff9193d7000 	C:\WINDOWS\system32\ADVAPI32.dll
0x00007ff919870000 - 0x00007ff91990d000 	C:\WINDOWS\system32\msvcrt.dll
0x00007ff917460000 - 0x00007ff9174bb000 	C:\WINDOWS\system32\sechost.dll
0x00007ff917a00000 - 0x00007ff917b1c000 	C:\WINDOWS\system32\RPCRT4.dll
0x00007ff9174c0000 - 0x00007ff917616000 	C:\WINDOWS\system32\USER32.dll
0x00007ff916d10000 - 0x00007ff916e96000 	C:\WINDOWS\system32\GDI32.dll
0x00007ff90e540000 - 0x00007ff90e7b4000 	C:\WINDOWS\WinSxS\amd64_microsoft.windows.common-controls_6595b64144ccf1df_6.0.10586.0_none_8c15ae12515e1c22\COMCTL32.dll
0x00007ff917620000 - 0x00007ff91789d000 	C:\WINDOWS\system32\combase.dll
0x00007ff9163e0000 - 0x00007ff91644a000 	C:\WINDOWS\system32\bcryptPrimitives.dll
0x00007ff919240000 - 0x00007ff91927b000 	C:\WINDOWS\system32\IMM32.DLL
0x0000000064a00000 - 0x0000000064ad2000 	C:\Program Files\Java\jdk1.8.0_65\jre\bin\msvcr100.dll
0x0000000064e80000 - 0x0000000065709000 	C:\Program Files\Java\jdk1.8.0_65\jre\bin\server\jvm.dll
0x00007ff917150000 - 0x00007ff917158000 	C:\WINDOWS\system32\PSAPI.DLL
0x00007ff905f40000 - 0x00007ff905f49000 	C:\WINDOWS\SYSTEM32\WSOCK32.dll
0x00007ff914520000 - 0x00007ff914543000 	C:\WINDOWS\SYSTEM32\WINMM.dll
0x00007ff9173c0000 - 0x00007ff91742b000 	C:\WINDOWS\system32\WS2_32.dll
0x0000000001fb0000 - 0x0000000001fdc000 	C:\WINDOWS\SYSTEM32\WINMMBASE.dll
0x00007ff9100a0000 - 0x00007ff9100aa000 	C:\WINDOWS\SYSTEM32\VERSION.dll
0x00007ff916390000 - 0x00007ff9163d3000 	C:\WINDOWS\system32\cfgmgr32.dll
0x0000000064e70000 - 0x0000000064e7f000 	C:\Program Files\Java\jdk1.8.0_65\jre\bin\verify.dll
0x0000000064e40000 - 0x0000000064e69000 	C:\Program Files\Java\jdk1.8.0_65\jre\bin\java.dll
0x0000000064e20000 - 0x0000000064e36000 	C:\Program Files\Java\jdk1.8.0_65\jre\bin\zip.dll
0x00007ff917b20000 - 0x00007ff91907c000 	C:\WINDOWS\system32\SHELL32.dll
0x00007ff916660000 - 0x00007ff916ca5000 	C:\WINDOWS\system32\windows.storage.dll
0x00007ff917160000 - 0x00007ff9171b2000 	C:\WINDOWS\system32\shlwapi.dll
0x00007ff915f60000 - 0x00007ff915f6f000 	C:\WINDOWS\system32\kernel.appcore.dll
0x00007ff916100000 - 0x00007ff9161b5000 	C:\WINDOWS\system32\shcore.dll
0x00007ff915f70000 - 0x00007ff915fbb000 	C:\WINDOWS\system32\powrprof.dll
0x00007ff915f40000 - 0x00007ff915f54000 	C:\WINDOWS\system32\profapi.dll

VM Arguments:
jvm_args: -Xmx1024M -Dfile.encoding=windows-1252 -Duser.country=CO -Duser.language=es -Duser.variant 
java_command: com.android.dx.command.Main --dex --num-threads=4 --output C:\Users\alber\Desktop\EjemploApp\app\build\intermediates\pre-dexed\debug\classes-0962eeb89b9490e23ff624b808078983b7811ebe.jar C:\Users\alber\Desktop\EjemploApp\app\build\intermediates\exploded-aar\com.android.support\appcompat-v7\23.1.0\jars\classes.jar
java_class_path (initial): C:\Users\alber\AppData\Local\Android\sdk\build-tools\23.0.2\lib\dx.jar
Launcher Type: SUN_STANDARD

Environment Variables:
PATH=C:\ProgramData\Oracle\Java\javapath;C:\Windows\system32;C:\Windows;C:\Windows\System32\Wbem;C:\Windows\System32\WindowsPowerShell\v1.0\;C:\Program Files (x86)\NVIDIA Corporation\PhysX\Common;C:\WINDOWS\system32\config\systemprofile\.dnx\bin;C:\Program Files\Microsoft DNX\Dnvm\;C:\Program Files\Microsoft SQL Server\120\Tools\Binn\;C:\Program Files (x86)\Windows Kits\10\Windows Performance Toolkit\;C:\Program Files (x86)\nodejs\;C:\WINDOWS\system32;C:\WINDOWS;C:\WINDOWS\System32\Wbem;C:\WINDOWS\System32\WindowsPowerShell\v1.0\;C:\xampp\php;C:\ProgramData\ComposerSetup\bin;C:\Program Files\Git\cmd;C:\Program Files (x86)\QuickTime\QTSystem\;C:\Program Files (x86)\Skype\Phone\;C:\Users\alber\AppData\Roaming\npm;C:\Users\alber\AppData\Local\atom\bin
USERNAME=alber
OS=Windows_NT
PROCESSOR_IDENTIFIER=Intel64 Family 6 Model 58 Stepping 9, GenuineIntel



---------------  S Y S T E M  ---------------

OS: Windows 10.0 , 64 bit Build 10586 (10.0.10586.0)

CPU:total 8 (4 cores per cpu, 2 threads per core) family 6 model 58 stepping 9, cmov, cx8, fxsr, mmx, sse, sse2, sse3, ssse3, sse4.1, sse4.2, popcnt, avx, aes, clmul, erms, ht, tsc, tscinvbit, tscinv

Memory: 4k page, physical 12469532k(2944344k free), swap 12469532k(71040k free)

vm_info: Java HotSpot(TM) 64-Bit Server VM (25.65-b01) for windows-amd64 JRE (1.8.0_65-b17), built on Oct  6 2015 16:39:20 by "java_re" with MS VC++ 10.0 (VS2010)

time: Sat Feb 13 00:55:01 2016
elapsed time: 12 seconds (0d 0h 0m 12s)

