#
# There is insufficient memory for the Java Runtime Environment to continue.
# Native memory allocation (malloc) failed to allocate 392496 bytes for Chunk::new
# Possible reasons:
#   The system is out of physical RAM or swap space
#   In 32 bit mode, the process size limit was hit
# Possible solutions:
#   Reduce memory load on the system
#   Increase physical memory or swap space
#   Check if swap backing store is full
#   Use 64 bit Java on a 64 bit OS
#   Decrease Java heap size (-Xmx/-Xms)
#   Decrease number of Java threads
#   Decrease Java thread stack sizes (-Xss)
#   Set larger code cache with -XX:ReservedCodeCacheSize=
# This output file may be truncated or incomplete.
#
#  Out of Memory Error (allocation.cpp:390), pid=21684, tid=14204
#
# JRE version: Java(TM) SE Runtime Environment (8.0_65-b17) (build 1.8.0_65-b17)
# Java VM: Java HotSpot(TM) 64-Bit Server VM (25.65-b01 mixed mode windows-amd64 compressed oops)
# Failed to write core dump. Minidumps are not enabled by default on client versions of Windows
#

---------------  T H R E A D  ---------------

Current thread (0x0000000016200800):  JavaThread "C2 CompilerThread2" daemon [_thread_in_native, id=14204, stack(0x0000000017780000,0x0000000017880000)]

Stack: [0x0000000017780000,0x0000000017880000]
[error occurred during error reporting (printing stack bounds), id 0xc0000005]

Native frames: (J=compiled Java code, j=interpreted, Vv=VM code, C=native code)


Current CompileTask:
C2:    960  708   !   4       com.android.dx.rop.code.RegisterSpec::intern (70 bytes)


---------------  P R O C E S S  ---------------

Java Threads: ( => current thread )
  0x00000000164f1800 JavaThread "pool-1-thread-4" [_thread_in_Java, id=8536, stack(0x0000000017f80000,0x0000000018080000)]
  0x00000000164ed000 JavaThread "pool-1-thread-3" [_thread_in_Java, id=23168, stack(0x0000000017e80000,0x0000000017f80000)]
  0x00000000163d8000 JavaThread "pool-1-thread-2" [_thread_in_vm, id=23356, stack(0x0000000017d80000,0x0000000017e80000)]
  0x00000000163d5000 JavaThread "pool-2-thread-1" [_thread_blocked, id=30476, stack(0x0000000017c80000,0x0000000017d80000)]
  0x00000000163d2000 JavaThread "pool-1-thread-1" [_thread_blocked, id=15348, stack(0x0000000017b80000,0x0000000017c80000)]
  0x000000001620a000 JavaThread "Service Thread" daemon [_thread_blocked, id=16208, stack(0x0000000017980000,0x0000000017a80000)]
  0x0000000016204000 JavaThread "C1 CompilerThread3" daemon [_thread_in_native, id=22820, stack(0x0000000017880000,0x0000000017980000)]
=>0x0000000016200800 JavaThread "C2 CompilerThread2" daemon [_thread_in_native, id=14204, stack(0x0000000017780000,0x0000000017880000)]
  0x00000000161fb800 JavaThread "C2 CompilerThread1" daemon [_thread_in_native, id=5308, stack(0x0000000017680000,0x0000000017780000)]
  0x00000000161f5000 JavaThread "C2 CompilerThread0" daemon [_thread_in_native, id=9604, stack(0x0000000017580000,0x0000000017680000)]
  0x00000000161f3000 JavaThread "Attach Listener" daemon [_thread_blocked, id=9672, stack(0x0000000017480000,0x0000000017580000)]
  0x00000000161f2000 JavaThread "Signal Dispatcher" daemon [_thread_blocked, id=20680, stack(0x0000000017380000,0x0000000017480000)]
  0x0000000014e85800 JavaThread "Finalizer" daemon [_thread_blocked, id=21788, stack(0x0000000017180000,0x0000000017280000)]
  0x0000000014e7f000 JavaThread "Reference Handler" daemon [_thread_blocked, id=23152, stack(0x0000000017080000,0x0000000017180000)]
  0x0000000002270800 JavaThread "main" [_thread_blocked, id=7276, stack(0x0000000002170000,0x0000000002270000)]

Other Threads:
  0x0000000014e7a800 VMThread [stack: 0x0000000016f80000,0x0000000017080000] [id=22080]
  0x000000001628b800 WatcherThread [stack: 0x0000000017a80000,0x0000000017b80000] [id=17244]

VM state:not at safepoint (normal execution)

VM Mutex/Monitor currently owned by a thread: None

Heap:
 PSYoungGen      total 57344K, used 17960K [0x00000000eab00000, 0x00000000eeb00000, 0x0000000100000000)
  eden space 49152K, 36% used [0x00000000eab00000,0x00000000ebc8a3c8,0x00000000edb00000)
  from space 8192K, 0% used [0x00000000ee300000,0x00000000ee300000,0x00000000eeb00000)
  to   space 8192K, 0% used [0x00000000edb00000,0x00000000edb00000,0x00000000ee300000)
 ParOldGen       total 131072K, used 0K [0x00000000c0000000, 0x00000000c8000000, 0x00000000eab00000)
  object space 131072K, 0% used [0x00000000c0000000,0x00000000c0000000,0x00000000c8000000)
 Metaspace       used 5677K, capacity 6706K, committed 6784K, reserved 1056768K
  class space    used 598K, capacity 618K, committed 640K, reserved 1048576K

Card table byte_map: [0x0000000011730000,0x0000000011940000] byte_map_base: 0x0000000011130000

Marking Bits: (ParMarkBitMap*) 0x00000000654ca5b0
 Begin Bits: [0x00000000122a0000, 0x00000000132a0000)
 End Bits:   [0x00000000132a0000, 0x00000000142a0000)

Polling page: 0x0000000000a80000

CodeCache: size=245760Kb used=3013Kb max_used=3013Kb free=242746Kb
 bounds [0x0000000002370000, 0x0000000002670000, 0x0000000011370000]
 total_blobs=993 nmethods=724 adapters=182
 compilation: enabled

Compilation events (10 events):
Event: 0.957 Thread 0x0000000016204000 nmethod 719 0x000000000265e910 code [0x000000000265eb00, 0x000000000265f630]
Event: 0.957 Thread 0x0000000016204000  727       3       com.android.dx.ssa.DomFront$DomInfo::<init> (10 bytes)
Event: 0.958 Thread 0x0000000016204000 nmethod 727 0x000000000265bc10 code [0x000000000265bd60, 0x000000000265bf10]
Event: 0.958 Thread 0x0000000016204000  720       3       com.android.dx.ssa.SsaRenamer$BlockRenamer$RenamingMapper::<init> (10 bytes)
Event: 0.958 Thread 0x0000000016204000 nmethod 720 0x000000000265b790 code [0x000000000265b900, 0x000000000265bb30]
Event: 0.958 Thread 0x0000000016204000  723       3       com.android.dx.ssa.SsaRenamer$BlockRenamer$1::<init> (10 bytes)
Event: 0.958 Thread 0x0000000016204000 nmethod 723 0x000000000265b3d0 code [0x000000000265b520, 0x000000000265b6f0]
Event: 0.958 Thread 0x0000000016204000  726       3       java.util.HashSet::add (20 bytes)
Event: 0.958 Thread 0x0000000016204000 nmethod 726 0x000000000265af10 code [0x000000000265b080, 0x000000000265b308]
Event: 0.958 Thread 0x0000000016204000  706       3       com.android.dx.util.BitIntSet$1::<init> (25 bytes)

GC Heap History (0 events):
No events

Deoptimization events (5 events):
Event: 0.951 Thread 0x00000000164ed000 Uncommon trap: reason=unstable_if action=reinterpret pc=0x0000000002644fac method=com.android.dx.rop.code.RegisterSpecSet.put(Lcom/android/dx/rop/code/RegisterSpec;)V @ 77
Event: 0.954 Thread 0x00000000163d8000 Uncommon trap: reason=class_check action=maybe_recompile pc=0x000000000263a604 method=com.android.dx.ssa.NormalSsaInsn.accept(Lcom/android/dx/ssa/SsaInsn$Visitor;)V @ 9
Event: 0.954 Thread 0x00000000163d8000 Uncommon trap: reason=class_check action=maybe_recompile pc=0x000000000263a604 method=com.android.dx.ssa.NormalSsaInsn.accept(Lcom/android/dx/ssa/SsaInsn$Visitor;)V @ 9
Event: 0.954 Thread 0x00000000163d8000 Uncommon trap: reason=class_check action=maybe_recompile pc=0x000000000263a604 method=com.android.dx.ssa.NormalSsaInsn.accept(Lcom/android/dx/ssa/SsaInsn$Visitor;)V @ 9
Event: 0.954 Thread 0x00000000163d8000 Uncommon trap: reason=class_check action=maybe_recompile pc=0x000000000263a604 method=com.android.dx.ssa.NormalSsaInsn.accept(Lcom/android/dx/ssa/SsaInsn$Visitor;)V @ 9

Internal exceptions (2 events):
Event: 0.050 Thread 0x0000000002270800 Exception <a 'java/lang/NoSuchMethodError': Method sun.misc.Unsafe.defineClass(Ljava/lang/String;[BII)Ljava/lang/Class; name or signature does not match> (0x00000000eab0d608) thrown at [C:\workspace\8-2-build-windows-amd64-cygwin\jdk8u65\4987\hotspot\src\süå–¶B´©?
Event: 0.050 Thread 0x0000000002270800 Exception <a 'java/lang/NoSuchMethodError': Method sun.misc.Unsafe.prefetchRead(Ljava/lang/Object;J)V name or signature does not match> (0x00000000eab0d8f0) thrown at [C:\workspace\8-2-build-windows-amd64-cygwin\jdk8u65\4987\hotspot\src\share\vm\prims\jni.

Events (10 events):
Event: 0.954 Thread 0x00000000163d8000 DEOPT UNPACKING pc=0x00000000023b582a sp=0x0000000017e7eca0 mode 2
Event: 0.954 Thread 0x00000000163d8000 Uncommon trap: trap_request=0xffffffde fr.pc=0x000000000263a604
Event: 0.954 Thread 0x00000000163d8000 DEOPT PACKING pc=0x000000000263a604 sp=0x0000000017e7ec80
Event: 0.954 Thread 0x00000000163d8000 DEOPT UNPACKING pc=0x00000000023b582a sp=0x0000000017e7eca0 mode 2
Event: 0.954 Thread 0x00000000163d8000 Uncommon trap: trap_request=0xffffffde fr.pc=0x000000000263a604
Event: 0.954 Thread 0x00000000163d8000 DEOPT PACKING pc=0x000000000263a604 sp=0x0000000017e7e990
Event: 0.954 Thread 0x00000000163d8000 DEOPT UNPACKING pc=0x00000000023b582a sp=0x0000000017e7e9b0 mode 2
Event: 0.954 Thread 0x00000000163d8000 Uncommon trap: trap_request=0xffffffde fr.pc=0x000000000263a604
Event: 0.954 Thread 0x00000000163d8000 DEOPT PACKING pc=0x000000000263a604 sp=0x0000000017e7e990
Event: 0.954 Thread 0x00000000163d8000 DEOPT UNPACKING pc=0x00000000023b582a sp=0x0000000017e7e9b0 mode 2


Dynamic libraries:
0x00007ff72b460000 - 0x00007ff72b497000 	C:\Program Files\Java\jdk1.8.0_65\bin\java.exe
0x00007ff919910000 - 0x00007ff919ad1000 	C:\WINDOWS\SYSTEM32\ntdll.dll
0x00007ff919280000 - 0x00007ff91932d000 	C:\WINDOWS\system32\KERNEL32.DLL
0x00007ff916450000 - 0x00007ff916638000 	C:\WINDOWS\system32\KERNELBASE.dll
0x00007ff919330000 - 0x00007ff9193d7000 	C:\WINDOWS\system32\ADVAPI32.dll
0x00007ff919870000 - 0x00007ff91990d000 	C:\WINDOWS\system32\msvcrt.dll
0x00007ff917460000 - 0x00007ff9174bb000 	C:\WINDOWS\system32\sechost.dll
0x00007ff917a00000 - 0x00007ff917b1c000 	C:\WINDOWS\system32\RPCRT4.dll
0x00007ff9174c0000 - 0x00007ff917616000 	C:\WINDOWS\system32\USER32.dll
0x00007ff916d10000 - 0x00007ff916e96000 	C:\WINDOWS\system32\GDI32.dll
0x00007ff90e540000 - 0x00007ff90e7b4000 	C:\WINDOWS\WinSxS\amd64_microsoft.windows.common-controls_6595b64144ccf1df_6.0.10586.0_none_8c15ae12515e1c22\COMCTL32.dll
0x00007ff917620000 - 0x00007ff91789d000 	C:\WINDOWS\system32\combase.dll
0x00007ff9163e0000 - 0x00007ff91644a000 	C:\WINDOWS\system32\bcryptPrimitives.dll
0x00007ff919240000 - 0x00007ff91927b000 	C:\WINDOWS\system32\IMM32.DLL
0x0000000064840000 - 0x0000000064912000 	C:\Program Files\Java\jdk1.8.0_65\jre\bin\msvcr100.dll
0x0000000064cc0000 - 0x0000000065549000 	C:\Program Files\Java\jdk1.8.0_65\jre\bin\server\jvm.dll
0x00007ff917150000 - 0x00007ff917158000 	C:\WINDOWS\system32\PSAPI.DLL
0x00007ff905f40000 - 0x00007ff905f49000 	C:\WINDOWS\SYSTEM32\WSOCK32.dll
0x00007ff9173c0000 - 0x00007ff91742b000 	C:\WINDOWS\system32\WS2_32.dll
0x00007ff914520000 - 0x00007ff914543000 	C:\WINDOWS\SYSTEM32\WINMM.dll
0x00007ff9100a0000 - 0x00007ff9100aa000 	C:\WINDOWS\SYSTEM32\VERSION.dll
0x00007ff914300000 - 0x00007ff91432c000 	C:\WINDOWS\SYSTEM32\WINMMBASE.dll
0x00007ff916390000 - 0x00007ff9163d3000 	C:\WINDOWS\system32\cfgmgr32.dll
0x0000000064cb0000 - 0x0000000064cbf000 	C:\Program Files\Java\jdk1.8.0_65\jre\bin\verify.dll
0x0000000064c80000 - 0x0000000064ca9000 	C:\Program Files\Java\jdk1.8.0_65\jre\bin\java.dll
0x0000000064c60000 - 0x0000000064c76000 	C:\Program Files\Java\jdk1.8.0_65\jre\bin\zip.dll
0x00007ff917b20000 - 0x00007ff91907c000 	C:\WINDOWS\system32\SHELL32.dll
0x00007ff916660000 - 0x00007ff916ca5000 	C:\WINDOWS\system32\windows.storage.dll
0x00007ff917160000 - 0x00007ff9171b2000 	C:\WINDOWS\system32\shlwapi.dll
0x00007ff915f60000 - 0x00007ff915f6f000 	C:\WINDOWS\system32\kernel.appcore.dll
0x00007ff916100000 - 0x00007ff9161b5000 	C:\WINDOWS\system32\shcore.dll
0x00007ff915f70000 - 0x00007ff915fbb000 	C:\WINDOWS\system32\powrprof.dll
0x00007ff915f40000 - 0x00007ff915f54000 	C:\WINDOWS\system32\profapi.dll

VM Arguments:
jvm_args: -Xmx1024M -Dfile.encoding=windows-1252 -Duser.country=CO -Duser.language=es -Duser.variant 
java_command: com.android.dx.command.Main --dex --num-threads=4 --output C:\Users\alber\Desktop\EjemploApp\app\build\intermediates\pre-dexed\debug\bolts-applinks-1.3.0-daaa48bae340e9b78926e09a0eb5ce8986e2133b.jar C:\Users\alber\.gradle\caches\modules-2\files-2.1\com.parse.bolts\bolts-applinks\1.3.0\bc535105332645408ef5f1380215cc954b842178\bolts-applinks-1.3.0.jar
java_class_path (initial): C:\Users\alber\AppData\Local\Android\sdk\build-tools\23.0.2\lib\dx.jar
Launcher Type: SUN_STANDARD

Environment Variables:
PATH=C:\ProgramData\Oracle\Java\javapath;C:\Windows\system32;C:\Windows;C:\Windows\System32\Wbem;C:\Windows\System32\WindowsPowerShell\v1.0\;C:\Program Files (x86)\NVIDIA Corporation\PhysX\Common;C:\WINDOWS\system32\config\systemprofile\.dnx\bin;C:\Program Files\Microsoft DNX\Dnvm\;C:\Program Files\Microsoft SQL Server\120\Tools\Binn\;C:\Program Files (x86)\Windows Kits\10\Windows Performance Toolkit\;C:\Program Files (x86)\nodejs\;C:\WINDOWS\system32;C:\WINDOWS;C:\WINDOWS\System32\Wbem;C:\WINDOWS\System32\WindowsPowerShell\v1.0\;C:\xampp\php;C:\ProgramData\ComposerSetup\bin;C:\Program Files\Git\cmd;C:\Program Files (x86)\QuickTime\QTSystem\;C:\Program Files (x86)\Skype\Phone\;C:\Users\alber\AppData\Roaming\npm;C:\Users\alber\AppData\Local\atom\bin
USERNAME=alber
OS=Windows_NT
PROCESSOR_IDENTIFIER=Intel64 Family 6 Model 58 Stepping 9, GenuineIntel



---------------  S Y S T E M  ---------------

OS: Windows 10.0 , 64 bit Build 10586 (10.0.10586.0)

CPU:total 8 (4 cores per cpu, 2 threads per core) family 6 model 58 stepping 9, cmov, cx8, fxsr, mmx, sse, sse2, sse3, ssse3, sse4.1, sse4.2, popcnt, avx, aes, clmul, erms, ht, tsc, tscinvbit, tscinv

Memory: 4k page, physical 12469532k(3306660k free), swap 12469532k(4448k free)

vm_info: Java HotSpot(TM) 64-Bit Server VM (25.65-b01) for windows-amd64 JRE (1.8.0_65-b17), built on Oct  6 2015 16:39:20 by "java_re" with MS VC++ 10.0 (VS2010)

time: Mon Feb 15 23:50:33 2016
elapsed time: 0 seconds (0d 0h 0m 0s)

